INFO: [VRFC 10-2263] Analyzing Verilog file "E:/Arch/Lab3_4/Code/core/ALU.v" into library xil_defaultlib
INFO: [VRFC 10-311] analyzing module ALU
INFO: [VRFC 10-2263] Analyzing Verilog file "E:/Arch/Lab3_4/Code/auxillary/Code2Inst.v" into library xil_defaultlib
INFO: [VRFC 10-311] analyzing module Code2Inst
INFO: [VRFC 10-2263] Analyzing Verilog file "E:/Arch/Lab3_4/Code/core/CtrlUnit.v" into library xil_defaultlib
INFO: [VRFC 10-311] analyzing module CtrlUnit
INFO: [VRFC 10-2263] Analyzing Verilog file "E:/Arch/Lab3_4/Code/auxillary/Font816.v" into library xil_defaultlib
INFO: [VRFC 10-311] analyzing module FONT8_16
INFO: [VRFC 10-2263] Analyzing Verilog file "E:/Arch/Lab3_4/Code/core/HazardDetectionUnit.v" into library xil_defaultlib
INFO: [VRFC 10-311] analyzing module HazardDetectionUnit
INFO: [VRFC 10-2263] Analyzing Verilog file "E:/Arch/Lab3_4/Code/core/ImmGen.v" into library xil_defaultlib
INFO: [VRFC 10-311] analyzing module ImmGen
INFO: [VRFC 10-2263] Analyzing Verilog file "E:/Arch/Lab3_4/Code/common/MUX2T1_32.v" into library xil_defaultlib
INFO: [VRFC 10-311] analyzing module MUX2T1_32
INFO: [VRFC 10-2263] Analyzing Verilog file "E:/Arch/Lab3_4/Code/common/MUX4T1_32.v" into library xil_defaultlib
INFO: [VRFC 10-311] analyzing module MUX4T1_32
INFO: [VRFC 10-2263] Analyzing Verilog file "E:/Arch/Lab3_4/Code/core/RAM_B.v" into library xil_defaultlib
INFO: [VRFC 10-311] analyzing module data_ram
INFO: [VRFC 10-2263] Analyzing Verilog file "E:/Arch/Lab3_4/Code/common/REG32.v" into library xil_defaultlib
INFO: [VRFC 10-311] analyzing module REG32
INFO: [VRFC 10-2263] Analyzing Verilog file "E:/Arch/Lab3_4/Code/core/REG_EX_MEM.v" into library xil_defaultlib
INFO: [VRFC 10-311] analyzing module REG_EX_MEM
INFO: [VRFC 10-2263] Analyzing Verilog file "E:/Arch/Lab3_4/Code/core/REG_ID_EX.v" into library xil_defaultlib
INFO: [VRFC 10-311] analyzing module REG_ID_EX
INFO: [VRFC 10-2263] Analyzing Verilog file "E:/Arch/Lab3_4/Code/core/REG_IF_ID.v" into library xil_defaultlib
INFO: [VRFC 10-311] analyzing module REG_IF_ID
INFO: [VRFC 10-2263] Analyzing Verilog file "E:/Arch/Lab3_4/Code/core/REG_MEM_WB.v" into library xil_defaultlib
INFO: [VRFC 10-311] analyzing module REG_MEM_WB
INFO: [VRFC 10-2263] Analyzing Verilog file "E:/Arch/Lab3_4/Code/core/ROM_D.v" into library xil_defaultlib
INFO: [VRFC 10-311] analyzing module ROM_D
INFO: [VRFC 10-2263] Analyzing Verilog file "E:/Arch/Lab3_4/Code/core/RV32core.v" into library xil_defaultlib
INFO: [VRFC 10-311] analyzing module RV32core
INFO: [VRFC 10-2263] Analyzing Verilog file "E:/Arch/Lab3_4/Code/core/Regs.v" into library xil_defaultlib
INFO: [VRFC 10-311] analyzing module Regs
INFO: [VRFC 10-2263] Analyzing Verilog file "E:/Arch/Lab3_4/Code/auxillary/VGATEST.v" into library xil_defaultlib
INFO: [VRFC 10-311] analyzing module VGA_TESTP
INFO: [VRFC 10-2263] Analyzing Verilog file "E:/Arch/Lab3_4/Code/common/add_32.v" into library xil_defaultlib
INFO: [VRFC 10-311] analyzing module add_32
INFO: [VRFC 10-2263] Analyzing Verilog file "E:/Arch/Lab3_4/Code/auxillary/btn_scan.v" into library xil_defaultlib
INFO: [VRFC 10-311] analyzing module btn_scan
INFO: [VRFC 10-2263] Analyzing Verilog file "E:/Arch/Lab3_4/Code/cache/cache.v" into library xil_defaultlib
INFO: [VRFC 10-311] analyzing module cache
WARNING: [VRFC 10-3380] identifier 'ADDR_BITS' is used before its declaration [E:/Arch/Lab3_4/Code/cache/cache.v:8]
WARNING: [VRFC 10-3380] identifier 'TAG_BITS' is used before its declaration [E:/Arch/Lab3_4/Code/cache/cache.v:20]
INFO: [VRFC 10-2263] Analyzing Verilog file "E:/Arch/Lab3_4/Code/auxillary/clk_diff.v" into library xil_defaultlib
INFO: [VRFC 10-311] analyzing module clk_diff
INFO: [VRFC 10-2263] Analyzing Verilog file "E:/Arch/Lab3_4/Code/common/cmp_32.v" into library xil_defaultlib
INFO: [VRFC 10-311] analyzing module cmp_32
INFO: [VRFC 10-2263] Analyzing Verilog file "E:/Arch/Lab3_4/Code/cache/cmu.v" into library xil_defaultlib
INFO: [VRFC 10-311] analyzing module cmu
INFO: [VRFC 10-2263] Analyzing Verilog file "E:/Arch/Lab3_4/Code/auxillary/display.v" into library xil_defaultlib
INFO: [VRFC 10-311] analyzing module display
INFO: [VRFC 10-2263] Analyzing Verilog file "E:/Arch/Lab3_4/Code/core/fix.v" into library xil_defaultlib
INFO: [VRFC 10-311] analyzing module multiplier
INFO: [VRFC 10-311] analyzing module divider
INFO: [VRFC 10-311] analyzing module debug_clk
INFO: [VRFC 10-2263] Analyzing Verilog file "E:/Arch/Lab3_4/Code/auxillary/my_clk_gen.v" into library xil_defaultlib
INFO: [VRFC 10-311] analyzing module my_clk_gen
INFO: [VRFC 10-2263] Analyzing Verilog file "E:/Arch/Lab3_4/Code/auxillary/parallel2serial.v" into library xil_defaultlib
INFO: [VRFC 10-311] analyzing module parallel2serial
WARNING: [VRFC 10-3380] identifier 'DATA_BITS' is used before its declaration [E:/Arch/Lab3_4/Code/auxillary/parallel2serial.v:10]
INFO: [VRFC 10-2263] Analyzing Verilog file "E:/Arch/Lab3_4/Code/auxillary/vga.v" into library xil_defaultlib
INFO: [VRFC 10-311] analyzing module vga
INFO: [VRFC 10-2263] Analyzing Verilog file "E:/Arch/Lab3_4/Code/auxillary/top.v" into library xil_defaultlib
INFO: [VRFC 10-311] analyzing module top
INFO: [VRFC 10-2263] Analyzing Verilog file "E:/Arch/Lab3_4/Lab3_4.sim/sim_1/behav/xsim/glbl.v" into library xil_defaultlib
INFO: [VRFC 10-311] analyzing module glbl
